2025-04-16 00:16:37 [main] WARN  o.s.b.t.j.DuplicateJsonObjectContextCustomizerFactory$DuplicateJsonObjectContextCustomizer - 

Found multiple occurrences of org.json.JSONObject on the class path:

	jar:file:/C:/Users/vinay.sunkoju/.m2/repository/com/vaadin/external/google/android-json/0.0.20131108.vaadin1/android-json-0.0.20131108.vaadin1.jar!/org/json/JSONObject.class
	jar:file:/C:/Users/vinay.sunkoju/.m2/repository/org/json/json/20210307/json-20210307.jar!/org/json/JSONObject.class

You may wish to exclude one of them to ensure predictable runtime behavior

2025-04-16 00:16:37 [main] INFO  c.c.k.KidschoiceApplicationTests - Starting KidschoiceApplicationTests using Java 17.0.8.1 on clota-dt16 with PID 17200 (started by vinay.sunkoju in E:\ProdKidsStore Workspace\kidschoice)
2025-04-16 00:16:37 [main] INFO  c.c.k.KidschoiceApplicationTests - No active profile set, falling back to 1 default profile: "default"
2025-04-16 00:16:39 [main] INFO  o.s.d.r.c.RepositoryConfigurationDelegate - Bootstrapping Spring Data JPA repositories in DEFAULT mode.
2025-04-16 00:16:39 [main] INFO  o.s.d.r.c.RepositoryConfigurationDelegate - Finished Spring Data repository scanning in 224 ms. Found 2 JPA repository interfaces.
2025-04-16 00:16:39 [main] INFO  o.s.c.s.PostProcessorRegistrationDelegate$BeanPostProcessorChecker - Bean 'org.springframework.ws.config.annotation.DelegatingWsConfiguration' of type [org.springframework.ws.config.annotation.DelegatingWsConfiguration$$EnhancerBySpringCGLIB$$77e3e649] is not eligible for getting processed by all BeanPostProcessors (for example: not eligible for auto-proxying)
2025-04-16 00:16:39 [main] INFO  o.s.w.s.a.s.AnnotationActionEndpointMapping - Supporting [WS-Addressing August 2004, WS-Addressing 1.0]
2025-04-16 00:16:40 [main] INFO  com.zaxxer.hikari.HikariDataSource - HikariPool-1 - Starting...
2025-04-16 00:16:41 [main] INFO  com.zaxxer.hikari.HikariDataSource - HikariPool-1 - Start completed.
2025-04-16 00:16:41 [main] INFO  o.h.jpa.internal.util.LogHelper - HHH000204: Processing PersistenceUnitInfo [name: default]
2025-04-16 00:16:41 [main] INFO  org.hibernate.Version - HHH000412: Hibernate ORM core version 5.6.14.Final
2025-04-16 00:16:41 [main] INFO  o.h.annotations.common.Version - HCANN000001: Hibernate Commons Annotations {5.1.2.Final}
2025-04-16 00:16:42 [main] INFO  org.hibernate.dialect.Dialect - HHH000400: Using dialect: org.hibernate.dialect.SQLServer2016Dialect
2025-04-16 00:16:43 [main] INFO  o.h.e.t.j.p.i.JtaPlatformInitiator - HHH000490: Using JtaPlatform implementation: [org.hibernate.engine.transaction.jta.platform.internal.NoJtaPlatform]
2025-04-16 00:16:43 [main] INFO  o.s.o.j.LocalContainerEntityManagerFactoryBean - Initialized JPA EntityManagerFactory for persistence unit 'default'
2025-04-16 00:16:43 [main] WARN  o.s.b.a.o.j.JpaBaseConfiguration$JpaWebConfiguration - spring.jpa.open-in-view is enabled by default. Therefore, database queries may be performed during view rendering. Explicitly configure spring.jpa.open-in-view to disable this warning
2025-04-16 00:16:45 [main] INFO  o.s.s.web.DefaultSecurityFilterChain - Will secure any request with [org.springframework.security.web.session.DisableEncodeUrlFilter@7fd7085d, org.springframework.security.web.context.request.async.WebAsyncManagerIntegrationFilter@69cc3370, org.springframework.security.web.context.SecurityContextPersistenceFilter@6fb2b972, org.springframework.security.web.header.HeaderWriterFilter@452d6fd, org.springframework.web.filter.CorsFilter@7ff40324, org.springframework.security.web.authentication.logout.LogoutFilter@1cdb290c, com.client.kidschoice.config.JwtRequestFilter@775a5a67, org.springframework.security.web.savedrequest.RequestCacheAwareFilter@3b1a3125, org.springframework.security.web.servletapi.SecurityContextHolderAwareRequestFilter@5c8d685e, org.springframework.security.web.authentication.AnonymousAuthenticationFilter@9120cb5, org.springframework.security.web.session.SessionManagementFilter@73db1a6, org.springframework.security.web.access.ExceptionTranslationFilter@2cf97875, org.springframework.security.web.access.intercept.FilterSecurityInterceptor@7692c0e9]
2025-04-16 00:16:46 [main] INFO  c.c.k.KidschoiceApplicationTests - Started KidschoiceApplicationTests in 9.335 seconds (JVM running for 11.113)
2025-04-16 00:16:46 [SpringApplicationShutdownHook] INFO  o.s.o.j.LocalContainerEntityManagerFactoryBean - Closing JPA EntityManagerFactory for persistence unit 'default'
2025-04-16 00:16:46 [SpringApplicationShutdownHook] INFO  com.zaxxer.hikari.HikariDataSource - HikariPool-1 - Shutdown initiated...
2025-04-16 00:16:46 [SpringApplicationShutdownHook] INFO  com.zaxxer.hikari.HikariDataSource - HikariPool-1 - Shutdown completed.
